#
# A fatal error has been detected by the Java Runtime Environment:
#
#  EXCEPTION_ACCESS_VIOLATION (0xc0000005) at pc=0x000000007a9ec750, pid=9084, tid=8488
#
# JRE version: 6.0_17-b04
# Java VM: Java HotSpot(TM) 64-Bit Server VM (14.3-b01 mixed mode windows-amd64 )
# Problematic frame:
# C  [awt.dll+0xdc750]
#
# If you would like to submit a bug report, please visit:
#   http://java.sun.com/webapps/bugreport/crash.jsp
# The crash happened outside the Java Virtual Machine in native code.
# See problematic frame for where to report the bug.
#

---------------  T H R E A D  ---------------

Current thread (0x0000000005d55800):  JavaThread "AWT-EventQueue-0" [_thread_in_native, id=8488, stack(0x0000000006740000,0x00000000067c0000)]

siginfo: ExceptionCode=0xc0000005, reading address 0x0000000000000008

Registers:
EAX=0x000000000000000d, EBX=0x0000000005d559b8, ECX=0x0000000000000000, EDX=0xffffffffa3010fae
ESP=0x00000000067be368, EBP=0x000000003522fef0, ESI=0x0000000005d559b8, EDI=0x0000000005d50050
EIP=0x000000007a9ec750, EFLAGS=0x0000000000010206

Top of Stack: (sp=0x00000000067be368)
0x00000000067be368:   000000007a99589c 0000000000000000
0x00000000067be378:   0000000005d559b8 000000003522fef0
0x00000000067be388:   0000000005d559b8 0000000000000000
0x00000000067be398:   0000000005d559b8 00000000067be970
0x00000000067be3a8:   000000007a973810 0000000005d559b8
0x00000000067be3b8:   00000000067bea88 00000000067beb00
0x00000000067be3c8:   000000003522fef0 000000001ed1e6f0
0x00000000067be3d8:   000000007a992151 0000000016bfc23b
0x00000000067be3e8:   00000000067beaf8 0000000026f01750
0x00000000067be3f8:   00000000067beb00 0000000016bfc258
0x00000000067be408:   0000000000000000 00000000067be448
0x00000000067be418:   00000000067be4a0 0000000012c05ac2
0x00000000067be428:   0000000000000000 0000000015ccd520
0x00000000067be438:   000000001ed1ec10 000000001ed1e6f0
0x00000000067be448:   000000001ed1e6f0 00000000272d65e8
0x00000000067be458:   000000001e6c8b20 00000000067be460 

Instructions: (pc=0x000000007a9ec750)
0x000000007a9ec740:   48 8b 41 08 48 8b 80 18 0c 00 00 c3 cc cc cc cc
0x000000007a9ec750:   48 8b 49 08 48 85 c9 74 05 e9 72 f6 fd ff 33 c0 


Stack: [0x0000000006740000,0x00000000067c0000],  sp=0x00000000067be368,  free space=504k
Native frames: (J=compiled Java code, j=interpreted, Vv=VM code, C=native code)
C  [awt.dll+0xdc750]

Java frames: (J=compiled Java code, j=interpreted, Vv=VM code)
j  sun.java2d.windows.GDIBlitLoops.nativeBlit(Lsun/java2d/SurfaceData;Lsun/java2d/SurfaceData;Lsun/java2d/pipe/Region;IIIIIIIIIZ)V+0
j  sun.java2d.windows.GDIBlitLoops.Blit(Lsun/java2d/SurfaceData;Lsun/java2d/SurfaceData;Ljava/awt/Composite;Lsun/java2d/pipe/Region;IIIIII)V+33
J  sun.java2d.pipe.DrawImage.copyImage(Lsun/java2d/SunGraphics2D;Ljava/awt/Image;IILjava/awt/Color;Ljava/awt/image/ImageObserver;)Z
J  sun.java2d.SunGraphics2D.drawImage(Ljava/awt/Image;IILjava/awt/Color;Ljava/awt/image/ImageObserver;)Z
J  javax.swing.RepaintManager$PaintManager.paintDoubleBuffered(Ljavax/swing/JComponent;Ljava/awt/Image;Ljava/awt/Graphics;IIII)V
J  javax.swing.RepaintManager$PaintManager.paint(Ljavax/swing/JComponent;Ljavax/swing/JComponent;Ljava/awt/Graphics;IIII)Z
j  javax.swing.RepaintManager.paint(Ljavax/swing/JComponent;Ljavax/swing/JComponent;Ljava/awt/Graphics;IIII)V+52
J  javax.swing.JComponent.paint(Ljava/awt/Graphics;)V
j  java.awt.GraphicsCallback$PaintCallback.run(Ljava/awt/Component;Ljava/awt/Graphics;)V+2
j  sun.awt.SunGraphicsCallback.runOneComponent(Ljava/awt/Component;Ljava/awt/Rectangle;Ljava/awt/Graphics;Ljava/awt/Shape;I)V+155
j  sun.awt.SunGraphicsCallback.runComponents([Ljava/awt/Component;Ljava/awt/Graphics;I)V+104
j  java.awt.Container.paint(Ljava/awt/Graphics;)V+73
J  javax.swing.RepaintManager.paintDirtyRegions(Ljava/util/Map;)V
j  javax.swing.RepaintManager.paintDirtyRegions()V+46
j  javax.swing.RepaintManager.seqPaintDirtyRegions()V+73
j  javax.swing.SystemEventQueueUtilities$ComponentWorkRequest.run()V+36
J  java.awt.event.InvocationEvent.dispatch()V
J  java.awt.EventDispatchThread.pumpOneEventForFilters(I)Z
J  java.awt.EventDispatchThread.pumpEventsForFilter(ILjava/awt/Conditional;Ljava/awt/EventFilter;)V
j  java.awt.EventDispatchThread.pumpEventsForHierarchy(ILjava/awt/Conditional;Ljava/awt/Component;)V+11
j  java.awt.EventDispatchThread.pumpEvents(ILjava/awt/Conditional;)V+4
j  java.awt.EventDispatchThread.pumpEvents(Ljava/awt/Conditional;)V+3
j  java.awt.EventDispatchThread.run()V+9
v  ~StubRoutines::call_stub

---------------  P R O C E S S  ---------------

Java Threads: ( => current thread )
  0x00000000347b4800 JavaThread "Image Fetcher 0" daemon [_thread_blocked, id=8500, stack(0x0000000006ef0000,0x0000000006f70000)]
  0x00000000347be000 JavaThread "Code Analyzer updating thread" [_thread_blocked, id=6500, stack(0x00000000066c0000,0x0000000006740000)]
  0x00000000347b8800 JavaThread "Code Analyzer updating thread" [_thread_blocked, id=6360, stack(0x0000000007e20000,0x0000000007ea0000)]
  0x00000000347bd000 JavaThread "Code Analyzer updating thread" [_thread_blocked, id=10192, stack(0x0000000007da0000,0x0000000007e20000)]
  0x00000000347c0000 JavaThread "Code Analyzer updating thread" [_thread_blocked, id=7992, stack(0x0000000007d20000,0x0000000007da0000)]
  0x00000000347b9800 JavaThread "Code Analyzer updating thread" [_thread_blocked, id=10696, stack(0x0000000007c70000,0x0000000007cf0000)]
  0x00000000347bc800 JavaThread "Code Analyzer updating thread" [_thread_blocked, id=11260, stack(0x0000000007070000,0x00000000070f0000)]
  0x00000000347b3000 JavaThread "Code Analyzer updating thread" [_thread_blocked, id=9472, stack(0x0000000006f70000,0x0000000006ff0000)]
  0x00000000347bb000 JavaThread "Foxtrot Single Worker Thread #1" daemon [_thread_blocked, id=8588, stack(0x00000000071f0000,0x0000000007270000)]
  0x00000000347ba000 JavaThread "RequestQueue for GenericFileList" [_thread_blocked, id=5652, stack(0x0000000011f90000,0x0000000012010000)]
  0x00000000347b6800 JavaThread "Active Reference Queue Daemon" daemon [_thread_blocked, id=8152, stack(0x0000000011990000,0x0000000011a10000)]
  0x00000000347b5000 JavaThread "Timer-7" daemon [_thread_blocked, id=5932, stack(0x0000000011910000,0x0000000011990000)]
  0x00000000347b7800 JavaThread "Timer-6" daemon [_thread_blocked, id=9528, stack(0x0000000011810000,0x0000000011890000)]
  0x00000000347b3800 JavaThread "Prefs Updater" daemon [_thread_blocked, id=9696, stack(0x0000000011710000,0x0000000011790000)]
  0x00000000347b2000 JavaThread "Timer-1" [_thread_blocked, id=5232, stack(0x0000000011610000,0x0000000011690000)]
  0x00000000347b1800 JavaThread "FelixPackageAdmin" daemon [_thread_blocked, id=3240, stack(0x0000000008100000,0x0000000008180000)]
  0x000000003472c800 JavaThread "FelixStartLevel" daemon [_thread_blocked, id=8768, stack(0x0000000008080000,0x0000000008100000)]
  0x0000000005ebb800 JavaThread "FelixDispatchQueue" daemon [_thread_blocked, id=10924, stack(0x0000000008000000,0x0000000008080000)]
  0x0000000005c15000 JavaThread "TimerQueue" daemon [_thread_blocked, id=1080, stack(0x0000000006890000,0x0000000006910000)]
=>0x0000000005d55800 JavaThread "AWT-EventQueue-0" [_thread_in_native, id=8488, stack(0x0000000006740000,0x00000000067c0000)]
  0x00000000058f7800 JavaThread "AWT-Windows" daemon [_thread_in_native, id=8212, stack(0x0000000006040000,0x00000000060c0000)]
  0x000000002f1fa000 JavaThread "AWT-Shutdown" [_thread_blocked, id=10724, stack(0x0000000005fc0000,0x0000000006040000)]
  0x000000002f1f9000 JavaThread "Java2D Disposer" daemon [_thread_blocked, id=10408, stack(0x0000000005f40000,0x0000000005fc0000)]
  0x00000000342af800 JavaThread "Timer-0" [_thread_blocked, id=6780, stack(0x00000000112f0000,0x0000000011370000)]
  0x000000002f139000 JavaThread "JMI Unnamed Thread" [_thread_in_native, id=10420, stack(0x000000000e960000,0x000000000fd60000)]
  0x000000002f10f000 JavaThread "Low Memory Detector" daemon [_thread_blocked, id=5748, stack(0x0000000032e00000,0x0000000032e80000)]
  0x000000002f107800 JavaThread "CompilerThread1" daemon [_thread_blocked, id=8596, stack(0x0000000031a00000,0x0000000032e00000)]
  0x000000002f101800 JavaThread "CompilerThread0" daemon [_thread_blocked, id=7092, stack(0x0000000030600000,0x0000000031a00000)]
  0x000000002f0fc000 JavaThread "Attach Listener" daemon [_thread_blocked, id=11280, stack(0x000000000fea0000,0x000000000ff20000)]
  0x0000000001c0b800 JavaThread "Finalizer" daemon [_thread_blocked, id=7668, stack(0x000000000fe20000,0x000000000fea0000)]
  0x0000000001c0a800 JavaThread "Reference Handler" daemon [_thread_blocked, id=10076, stack(0x000000000fda0000,0x000000000fe20000)]
  0x0000000001b0f800 JavaThread "main" [_thread_in_native, id=8572, stack(0x0000000000030000,0x0000000001430000)]

Other Threads:
  0x000000002f0a2800 VMThread [stack: 0x000000002f200000,0x0000000030600000] [id=1288]
  0x000000002f12a800 WatcherThread [stack: 0x0000000032e80000,0x0000000034280000] [id=11300]

VM state:not at safepoint (normal execution)

VM Mutex/Monitor currently owned by a thread: None

Heap
 PSYoungGen      total 19712K, used 4590K [0x0000000026f00000, 0x0000000028340000, 0x000000002a000000)
  eden space 18880K, 20% used [0x0000000026f00000,0x00000000272dba70,0x0000000028170000)
  from space 832K, 76% used [0x0000000028170000,0x0000000028210000,0x0000000028240000)
  to   space 896K, 0% used [0x0000000028260000,0x0000000028260000,0x0000000028340000)
 PSOldGen        total 150528K, used 144682K [0x000000001dc00000, 0x0000000026f00000, 0x0000000026f00000)
  object space 150528K, 96% used [0x000000001dc00000,0x000000002694a8f8,0x0000000026f00000)
 PSPermGen       total 104960K, used 58665K [0x0000000015c00000, 0x000000001c280000, 0x000000001dc00000)
  object space 104960K, 55% used [0x0000000015c00000,0x000000001954a688,0x000000001c280000)

Dynamic libraries:
0x0000000140000000 - 0x0000000140029000 	C:\Program Files\MATLAB\R2010b\bin\win64\MATLAB.exe
0x0000000077900000 - 0x0000000077aa9000 	C:\Windows\SYSTEM32\ntdll.dll
0x0000000077680000 - 0x000000007779f000 	C:\Windows\system32\kernel32.dll
0x000007fefde30000 - 0x000007fefde9c000 	C:\Windows\system32\KERNELBASE.dll
0x000000007d080000 - 0x000000007d18e000 	C:\Program Files\MATLAB\R2010b\bin\win64\libut.dll
0x0000000180000000 - 0x000000018007c000 	C:\Program Files\MATLAB\R2010b\bin\win64\libmwi18n.dll
0x0000000001470000 - 0x0000000001480000 	C:\Program Files\MATLAB\R2010b\bin\win64\boost_date_time-vc80-mt-1_40.dll
0x0000000072f00000 - 0x0000000073009000 	C:\Windows\WinSxS\amd64_microsoft.vc80.crt_1fc8b3b9a1e18e3b_8.0.50727.6195_none_88e41e092fab0294\MSVCP80.dll
0x0000000072e30000 - 0x0000000072ef9000 	C:\Windows\WinSxS\amd64_microsoft.vc80.crt_1fc8b3b9a1e18e3b_8.0.50727.6195_none_88e41e092fab0294\MSVCR80.dll
0x000007fefe5d0000 - 0x000007fefe66f000 	C:\Windows\system32\msvcrt.dll
0x0000000001490000 - 0x00000000014ab000 	C:\Program Files\MATLAB\R2010b\bin\win64\boost_filesystem-vc80-mt-1_40.dll
0x0000000001630000 - 0x0000000001639000 	C:\Program Files\MATLAB\R2010b\bin\win64\boost_system-vc80-mt-1_40.dll
0x0000000001650000 - 0x0000000001663000 	C:\Program Files\MATLAB\R2010b\bin\win64\boost_thread-vc80-mt-1_40.dll
0x000000007d880000 - 0x000000007d8a8000 	C:\Program Files\MATLAB\R2010b\bin\win64\LIBEXPAT.dll
0x000000007cce0000 - 0x000000007ce59000 	C:\Program Files\MATLAB\R2010b\bin\win64\icuin42.dll
0x000000007d590000 - 0x000000007d6ca000 	C:\Program Files\MATLAB\R2010b\bin\win64\icuuc42.dll
0x000007feffb30000 - 0x000007feffc0b000 	C:\Windows\system32\ADVAPI32.dll
0x000007fefec70000 - 0x000007fefec8f000 	C:\Windows\SYSTEM32\sechost.dll
0x000007fefeaa0000 - 0x000007fefebcd000 	C:\Windows\system32\RPCRT4.dll
0x0000000010000000 - 0x0000000010f47000 	C:\Program Files\MATLAB\R2010b\bin\win64\icudt42.dll
0x0000000078a10000 - 0x0000000078b49000 	C:\Program Files\MATLAB\R2010b\bin\win64\libmwfl.dll
0x000007fefe670000 - 0x000007fefe689000 	C:\Windows\system32\imagehlp.dll
0x0000000077ad0000 - 0x0000000077ad7000 	C:\Windows\system32\PSAPI.DLL
0x00000000016c0000 - 0x00000000017a6000 	C:\Program Files\MATLAB\R2010b\bin\win64\boost_regex-vc80-mt-1_40.dll
0x0000000077580000 - 0x000000007767a000 	C:\Windows\system32\USER32.dll
0x000007fefea30000 - 0x000007fefea97000 	C:\Windows\system32\GDI32.dll
0x000007fefe5c0000 - 0x000007fefe5ce000 	C:\Windows\system32\LPK.dll
0x000007fefe3f0000 - 0x000007fefe4b9000 	C:\Windows\system32\USP10.dll
0x00000000017c0000 - 0x00000000017d4000 	C:\Program Files\MATLAB\R2010b\bin\win64\boost_signals-vc80-mt-1_40.dll
0x00000000017f0000 - 0x000000000182e000 	C:\Program Files\MATLAB\R2010b\bin\win64\tbb.dll
0x000000007cab0000 - 0x000000007cac0000 	C:\Program Files\MATLAB\R2010b\bin\win64\icuio42.dll
0x000000007d200000 - 0x000000007d460000 	C:\Program Files\MATLAB\R2010b\bin\win64\libmwservices.dll
0x000000007d190000 - 0x000000007d1fd000 	C:\Program Files\MATLAB\R2010b\bin\win64\libmx.dll
0x00000000791e0000 - 0x00000000791f7000 	C:\Program Files\MATLAB\R2010b\bin\win64\zlib1.dll
0x000000007d460000 - 0x000000007d58e000 	C:\Program Files\MATLAB\R2010b\bin\win64\libmwmathutil.dll
0x000000007acf0000 - 0x000000007ad51000 	C:\Program Files\MATLAB\R2010b\bin\win64\mpath.dll
0x000000007d8b0000 - 0x000000007db80000 	C:\Program Files\MATLAB\R2010b\bin\win64\mlutil.dll
0x000000007eb00000 - 0x000000007eb8b000 	C:\Program Files\MATLAB\R2010b\bin\win64\xmlcore.dll
0x000000007a670000 - 0x000000007a905000 	C:\Program Files\MATLAB\R2010b\bin\win64\xerces-c_2_7.dll
0x000007fefe560000 - 0x000007fefe5ad000 	C:\Windows\system32\WS2_32.dll
0x000007fefe5b0000 - 0x000007fefe5b8000 	C:\Windows\system32\NSI.dll
0x000007fefec90000 - 0x000007feffa18000 	C:\Windows\system32\SHELL32.dll
0x000007fefe7d0000 - 0x000007fefe841000 	C:\Windows\system32\SHLWAPI.dll
0x000007fef9bd0000 - 0x000007fef9c70000 	C:\Windows\WinSxS\amd64_microsoft.windows.common-controls_6595b64144ccf1df_5.82.7601.17514_none_a4d6a923711520a9\COMCTL32.dll
0x000007fefebd0000 - 0x000007fefec67000 	C:\Windows\system32\comdlg32.dll
0x000007fefb1f0000 - 0x000007fefb206000 	C:\Windows\system32\NETAPI32.dll
0x000007fefb1e0000 - 0x000007fefb1ec000 	C:\Windows\system32\netutils.dll
0x000007fefd8b0000 - 0x000007fefd8d3000 	C:\Windows\system32\srvcli.dll
0x000007fefb1c0000 - 0x000007fefb1d5000 	C:\Windows\system32\wkscli.dll
0x000000007b0c0000 - 0x000000007b17a000 	C:\Program Files\MATLAB\R2010b\bin\win64\mcr.dll
0x000000007cac0000 - 0x000000007cb74000 	C:\Program Files\MATLAB\R2010b\bin\win64\iqm.dll
0x000000007b860000 - 0x000000007bfdf000 	C:\Program Files\MATLAB\R2010b\bin\win64\m_interpreter.dll
0x000000007cba0000 - 0x000000007cbb0000 	C:\Program Files\MATLAB\R2010b\bin\win64\libmex.dll
0x000000007af40000 - 0x000000007afd6000 	C:\Program Files\MATLAB\R2010b\bin\win64\m_dispatcher.dll
0x000000007ade0000 - 0x000000007ae71000 	C:\Program Files\MATLAB\R2010b\bin\win64\profiler.dll
0x000000007cc20000 - 0x000000007cc51000 	C:\Program Files\MATLAB\R2010b\bin\win64\libmwmathrng.dll
0x0000000079130000 - 0x000000007914a000 	C:\Program Files\MATLAB\R2010b\bin\win64\m_pcodeio.dll
0x000000007aca0000 - 0x000000007aced000 	C:\Program Files\MATLAB\R2010b\bin\win64\m_ir.dll
0x000000007b240000 - 0x000000007b856000 	C:\Program Files\MATLAB\R2010b\bin\win64\m_parser.dll
0x000000007cb80000 - 0x000000007cb93000 	C:\Program Files\MATLAB\R2010b\bin\win64\ir_xfmr.dll
0x0000000078b50000 - 0x0000000078d89000 	C:\Program Files\MATLAB\R2010b\bin\win64\mcos.dll
0x000000007cc70000 - 0x000000007cc7c000 	C:\Program Files\MATLAB\R2010b\bin\win64\mtok.dll
0x0000000079110000 - 0x0000000079130000 	C:\Program Files\MATLAB\R2010b\bin\win64\m_pcodegen.dll
0x0000000078300000 - 0x0000000078356000 	C:\Program Files\MATLAB\R2010b\bin\win64\libmwspmatrix.dll
0x000007fefbbb0000 - 0x000007fefbcd5000 	C:\Windows\system32\dbghelp.dll
0x0000000078360000 - 0x000000007838c000 	C:\Program Files\MATLAB\R2010b\bin\win64\libmwbridge.dll
0x000000007c720000 - 0x000000007c7e0000 	C:\Program Files\MATLAB\R2010b\bin\win64\udd.dll
0x000000007d6d0000 - 0x000000007d82b000 	C:\Program Files\MATLAB\R2010b\bin\win64\libmwgui.dll
0x0000000079250000 - 0x0000000079ad7000 	C:\Program Files\MATLAB\R2010b\bin\win64\hg.dll
0x0000000079030000 - 0x0000000079087000 	C:\Program Files\MATLAB\R2010b\bin\win64\libmat.dll
0x000000007ce60000 - 0x000000007d07b000 	C:\Program Files\MATLAB\R2010b\bin\win64\libhdf5.dll
0x000000007aba0000 - 0x000000007ac24000 	C:\Program Files\MATLAB\R2010b\bin\win64\jmi.dll
0x000000007aae0000 - 0x000000007ab1f000 	C:\Program Files\MATLAB\R2010b\bin\win64\libmwhardcopy.dll
0x000000007ac30000 - 0x000000007ac98000 	C:\Program Files\MATLAB\R2010b\bin\win64\libuij.dll
0x0000000078800000 - 0x00000000789f4000 	C:\Program Files\MATLAB\R2010b\bin\win64\hgdatatypes.dll
0x0000000078740000 - 0x00000000787fa000 	C:\Program Files\MATLAB\R2010b\bin\win64\hgutils.dll
0x0000000079090000 - 0x000000007910c000 	C:\Program Files\MATLAB\R2010b\bin\win64\libmwlapack.dll
0x000000007cbc0000 - 0x000000007cbd3000 	C:\Program Files\MATLAB\R2010b\bin\win64\libmwbinder.dll
0x000000007c7e0000 - 0x000000007caa3000 	C:\Program Files\MATLAB\R2010b\bin\win64\uiw.dll
0x000000007ccd0000 - 0x000000007ccda000 	C:\Program Files\MATLAB\R2010b\bin\win64\uinone.dll
0x000000006e650000 - 0x000000006e7ec000 	C:\Windows\WinSxS\amd64_microsoft.vc80.mfc_1fc8b3b9a1e18e3b_8.0.50727.6195_none_8448b2bd328df189\MFC80.DLL
0x000007fef8830000 - 0x000007fef88a1000 	C:\Windows\system32\WINSPOOL.DRV
0x000007fefe1e0000 - 0x000007fefe3e3000 	C:\Windows\system32\ole32.dll
0x000007fefe6f0000 - 0x000007fefe7c7000 	C:\Windows\system32\OLEAUT32.dll
0x000000007b180000 - 0x000000007b231000 	C:\Program Files\MATLAB\R2010b\bin\win64\udd_mi.dll
0x0000000079150000 - 0x0000000079168000 	C:\Program Files\MATLAB\R2010b\bin\win64\mwoles05.DLL
0x000000007ad60000 - 0x000000007add3000 	C:\Program Files\MATLAB\R2010b\bin\win64\comcli.dll
0x000000006f240000 - 0x000000006f260000 	C:\Windows\WinSxS\amd64_microsoft.vc80.atl_1fc8b3b9a1e18e3b_8.0.50727.6195_none_8a1dd9552ed7f8d8\ATL80.DLL
0x000000007cc60000 - 0x000000007cc6e000 	C:\Program Files\MATLAB\R2010b\bin\win64\mlautoregister.dll
0x000007fefe130000 - 0x000007fefe15e000 	C:\Windows\system32\IMM32.DLL
0x000007feffa20000 - 0x000007feffb29000 	C:\Windows\system32\MSCTF.dll
0x000000006f2f0000 - 0x000000006f2fd000 	C:\Windows\WinSxS\amd64_microsoft.vc80.mfcloc_1fc8b3b9a1e18e3b_8.0.50727.6195_none_bc20f59b0bdd1acd\MFC80ENU.DLL
0x000007fefdd60000 - 0x000007fefdd6f000 	C:\Windows\system32\profapi.dll
0x000007fefdc90000 - 0x000007fefdc9f000 	C:\Windows\system32\CRYPTBASE.dll
0x000007fefc4c0000 - 0x000007fefc516000 	C:\Windows\system32\uxtheme.dll
0x000007fefc7e0000 - 0x000007fefc9d4000 	C:\Windows\WinSxS\amd64_microsoft.windows.common-controls_6595b64144ccf1df_6.0.7601.17514_none_fa396087175ac9ac\comctl32.dll
0x000007fefe850000 - 0x000007fefea27000 	C:\Windows\system32\SETUPAPI.dll
0x000007fefdee0000 - 0x000007fefdf16000 	C:\Windows\system32\CFGMGR32.dll
0x000007fefde10000 - 0x000007fefde2a000 	C:\Windows\system32\DEVOBJ.dll
0x000007fefe4c0000 - 0x000007fefe559000 	C:\Windows\system32\CLBCatQ.DLL
0x000007fefc550000 - 0x000007fefc67c000 	C:\Windows\system32\propsys.dll
0x000007fefce70000 - 0x000007fefce9d000 	C:\Windows\system32\ntmarta.dll
0x000007fefe690000 - 0x000007fefe6e2000 	C:\Windows\system32\WLDAP32.dll
0x000007fefa980000 - 0x000007fefa9a7000 	C:\Windows\system32\iphlpapi.dll
0x000007fefa970000 - 0x000007fefa97b000 	C:\Windows\system32\WINNSI.DLL
0x000007fefd220000 - 0x000007fefd27b000 	C:\Windows\system32\DNSAPI.dll
0x000007fefa790000 - 0x000007fefa7a1000 	C:\Windows\system32\dhcpcsvc6.DLL
0x000007fefa650000 - 0x000007fefa668000 	C:\Windows\system32\dhcpcsvc.DLL
0x000007fefdc00000 - 0x000007fefdc25000 	C:\Windows\system32\SspiCli.dll
0x000000006feb0000 - 0x000000006feb3000 	C:\Windows\system32\icmp.Dll
0x000007fefc0b0000 - 0x000007fefc0c8000 	C:\Windows\system32\dwmapi.dll
0x000000006d7f0000 - 0x000000006de4d000 	C:\Program Files\MATLAB\R2010b\sys\java\jre\win64\jre\bin\server\jvm.dll
0x000007fefba20000 - 0x000007fefba5b000 	C:\Windows\system32\WINMM.dll
0x000000007af10000 - 0x000000007af1e000 	C:\Program Files\MATLAB\R2010b\sys\java\jre\win64\jre\bin\verify.dll
0x0000000079200000 - 0x0000000079227000 	C:\Program Files\MATLAB\R2010b\sys\java\jre\win64\jre\bin\java.dll
0x000000007aef0000 - 0x000000007aefa000 	C:\Program Files\MATLAB\R2010b\sys\java\jre\win64\jre\bin\hpi.dll
0x000000007af20000 - 0x000000007af32000 	C:\Program Files\MATLAB\R2010b\sys\java\jre\win64\jre\bin\zip.dll
0x0000000079170000 - 0x0000000079194000 	C:\Program Files\MATLAB\R2010b\bin\win64\nativejava.dll
0x000007fefacd0000 - 0x000007feface8000 	C:\Windows\system32\MPR.dll
0x00000000791a0000 - 0x00000000791da000 	C:\Program Files\MATLAB\R2010b\bin\win64\nativejmi.dll
0x000000007ccc0000 - 0x000000007ccc7000 	C:\Program Files\MATLAB\R2010b\bin\win64\nativeservices.dll
0x000000007a910000 - 0x000000007aad1000 	C:\Program Files\MATLAB\R2010b\sys\java\jre\win64\jre\bin\awt.dll
0x000000007afe0000 - 0x000000007b04b000 	C:\Program Files\MATLAB\R2010b\sys\java\jre\win64\jre\bin\fontmanager.dll
0x0000000079230000 - 0x0000000079247000 	C:\Program Files\MATLAB\R2010b\sys\java\jre\win64\jre\bin\net.dll
0x000007fefd530000 - 0x000007fefd585000 	C:\Windows\system32\mswsock.dll
0x000007fefd780000 - 0x000007fefd787000 	C:\Windows\System32\wship6.dll
0x000000007af00000 - 0x000000007af0b000 	C:\Program Files\MATLAB\R2010b\sys\java\jre\win64\jre\bin\nio.dll
0x00000000783b0000 - 0x00000000783ba000 	C:\Program Files\MATLAB\R2010b\bin\win64\nativelmgr.dll

VM Arguments:
jvm_args: -Xss512k -XX:PermSize=32m -Xms64m -XX:NewRatio=3 -XX:MaxPermSize=128m -Xmx196m -XX:MaxDirectMemorySize=2147400000 -Dsun.java2d.noddraw=true -Dsun.awt.nopixfmt=true -Xshare:off -Xrs -Dsun.awt.disableMixing=true -Djava.library.path=C:\Program Files\MATLAB\R2010b\bin\win64 vfprintf abort 
java_command: <unknown>
Launcher Type: generic

Environment Variables:
CLASSPATH=.;C:\Program Files (x86)\Java\jre7\lib\ext\QTJava.zip
PATH=c:\Program Files (x86)\NVIDIA Corporation\PhysX\Common;C:\Windows\system32;C:\Windows;C:\Windows\System32\Wbem;C:\Windows\System32\WindowsPowerShell\v1.0\;C:\Program Files (x86)\MIT\Kerberos\bin;C:\Program Files\jEdit;C:\Program Files\MATLAB\R2010b\runtime\win64;C:\Program Files\MATLAB\R2010b\bin;C:\Program Files (x86)\SAS\SharedFiles\Formats;C:\Program Files (x86)\QuickTime\QTSystem\;C:\Program Files\Java\jdk1.7.0_05\bin
USERNAME=Curtis
OS=Windows_NT
PROCESSOR_IDENTIFIER=AMD64 Family 16 Model 4 Stepping 3, AuthenticAMD



---------------  S Y S T E M  ---------------

OS: Windows 7 Build 7601 Service Pack 1

CPU:total 4 (4 cores per cpu, 1 threads per core) family 16 model 4 stepping 3, cmov, cx8, fxsr, mmx, sse, sse2, sse3, mmxext, 3dnow, 3dnowext, sse4a

Memory: 4k page, physical 4193464k(711940k free), swap 8385076k(2348288k free)

vm_info: Java HotSpot(TM) 64-Bit Server VM (14.3-b01) for windows-amd64 JRE (1.6.0_17-b04), built on Oct 11 2009 00:46:08 by "java_re" with MS VC++ 8.0

time: Sat Nov 24 16:53:49 2012
elapsed time: 407933 seconds

